2003-05-16 16:06:00,348 Error while reading AppLoader configuration.
AppLoaderConfigException: AppLoader config file '/home/jh/wuergspace/workspace/skel_pfixcore/projects/common/conf/apploader.prop' can't be loaded.
	at de.schlund.pfixxml.loader.AppLoaderConfig.init(AppLoaderConfig.java:54)
	at de.schlund.pfixxml.loader.AppLoader.init(AppLoader.java:69)
	at de.schlund.pfixxml.FactoryInitServlet.init(FactoryInitServlet.java:149)
	at org.apache.catalina.core.StandardWrapper.loadServlet(StandardWrapper.java:918)
	at org.apache.catalina.core.StandardWrapper.load(StandardWrapper.java:810)
	at org.apache.catalina.core.StandardContext.loadOnStartup(StandardContext.java:3279)
	at org.apache.catalina.core.StandardContext.start(StandardContext.java:3421)
	at org.apache.catalina.core.ContainerBase.start(ContainerBase.java:1123)
	at org.apache.catalina.core.StandardHost.start(StandardHost.java:638)
	at org.apache.catalina.core.ContainerBase.start(ContainerBase.java:1123)
	at org.apache.catalina.core.StandardEngine.start(StandardEngine.java:343)
	at org.apache.catalina.core.StandardService.start(StandardService.java:388)
	at org.apache.catalina.core.StandardServer.start(StandardServer.java:506)
	at org.apache.catalina.startup.Catalina.start(Catalina.java:781)
	at org.apache.catalina.startup.Catalina.execute(Catalina.java:681)
	at org.apache.catalina.startup.Catalina.process(Catalina.java:179)
	at sun.reflect.NativeMethodAccessorImpl.invoke0(Native Method)
	at sun.reflect.NativeMethodAccessorImpl.invoke(NativeMethodAccessorImpl.java:39)
	at sun.reflect.DelegatingMethodAccessorImpl.invoke(DelegatingMethodAccessorImpl.java:25)
	at java.lang.reflect.Method.invoke(Method.java:324)
	at org.apache.catalina.startup.Bootstrap.main(Bootstrap.java:243)
2003-05-16 16:06:00,350 AppLoader[enabled=false][listener=null][trigger=0][interval=0][policy={}][repository=null][includes=[]]
2003-05-16 16:52:38,360 Error while reading AppLoader configuration.
AppLoaderConfigException: AppLoader config file '/home/jh/wuergspace/workspace/skel_pfixcore/projects/common/conf/apploader.prop' can't be loaded.
	at de.schlund.pfixxml.loader.AppLoaderConfig.init(AppLoaderConfig.java:54)
	at de.schlund.pfixxml.loader.AppLoader.init(AppLoader.java:69)
	at de.schlund.pfixxml.FactoryInitServlet.init(FactoryInitServlet.java:149)
	at org.apache.catalina.core.StandardWrapper.loadServlet(StandardWrapper.java:918)
	at org.apache.catalina.core.StandardWrapper.load(StandardWrapper.java:810)
	at org.apache.catalina.core.StandardContext.loadOnStartup(StandardContext.java:3279)
	at org.apache.catalina.core.StandardContext.start(StandardContext.java:3421)
	at org.apache.catalina.core.ContainerBase.start(ContainerBase.java:1123)
	at org.apache.catalina.core.StandardHost.start(StandardHost.java:638)
	at org.apache.catalina.core.ContainerBase.start(ContainerBase.java:1123)
	at org.apache.catalina.core.StandardEngine.start(StandardEngine.java:343)
	at org.apache.catalina.core.StandardService.start(StandardService.java:388)
	at org.apache.catalina.core.StandardServer.start(StandardServer.java:506)
	at org.apache.catalina.startup.Catalina.start(Catalina.java:781)
	at org.apache.catalina.startup.Catalina.execute(Catalina.java:681)
	at org.apache.catalina.startup.Catalina.process(Catalina.java:179)
	at sun.reflect.NativeMethodAccessorImpl.invoke0(Native Method)
	at sun.reflect.NativeMethodAccessorImpl.invoke(NativeMethodAccessorImpl.java:39)
	at sun.reflect.DelegatingMethodAccessorImpl.invoke(DelegatingMethodAccessorImpl.java:25)
	at java.lang.reflect.Method.invoke(Method.java:324)
	at org.apache.catalina.startup.Bootstrap.main(Bootstrap.java:243)
2003-05-16 16:52:38,362 AppLoader[enabled=false][listener=null][trigger=0][interval=0][policy={}][repository=null][includes=[]]
